<?xml version="1.0" encoding="UTF-8"?>
<!-- Generated by org.testng.reporters.JUnitXMLReporter -->
<testsuite hostname="tyss-ThinkCentre-M700z" ignored="0" name="Test" tests="1" failures="0" timestamp="22 Nov 2018 10:04:37 GMT" time="0.095" errors="0">
  <testcase name="@BeforeMethod openApplication" time="0.055" classname="generic.BaseTest">
    <failure type="java.lang.IllegalStateException" message="The driver executable does not exist: /home/tyss/workspace/Automation/./driver/chromedriver.exe">
      <![CDATA[java.lang.IllegalStateException: The driver executable does not exist: /home/tyss/workspace/Automation/./driver/chromedriver.exe
at com.google.common.base.Preconditions.checkState(Preconditions.java:585)
at org.openqa.selenium.remote.service.DriverService.checkExecutable(DriverService.java:146)
at org.openqa.selenium.remote.service.DriverService.findExecutable(DriverService.java:141)
at org.openqa.selenium.chrome.ChromeDriverService.access$000(ChromeDriverService.java:35)
at org.openqa.selenium.chrome.ChromeDriverService$Builder.findDefaultExecutable(ChromeDriverService.java:159)
at org.openqa.selenium.remote.service.DriverService$Builder.build(DriverService.java:355)
at org.openqa.selenium.chrome.ChromeDriverService.createDefaultService(ChromeDriverService.java:94)
at org.openqa.selenium.chrome.ChromeDriver.<init>(ChromeDriver.java:123)
at generic.Utility.openBrowser(Utility.java:24)
at generic.BaseTest.openApplication(BaseTest.java:32)
... Removed 28 stack frames]]>
    </failure>
  </testcase> <!-- @BeforeMethod openApplication -->
  <testcase name="@AfterMethod closeApplication" time="0.001" classname="generic.BaseTest">
    <failure type="java.lang.NullPointerException">
      <![CDATA[java.lang.NullPointerException
at generic.BaseTest.closeApplication(BaseTest.java:49)
... Removed 28 stack frames]]>
    </failure>
  </testcase> <!-- @AfterMethod closeApplication -->
  <testcase name="Test1" time="0.0" classname="scripts.TestLogin">
    <skipped/>
  </testcase> <!-- Test1 -->
</testsuite> <!-- Test -->
